<?xml version="1.0" encoding="UTF-8"?>
<!-- Generated by org.testng.reporters.JUnitXMLReporter -->
<testsuite hostname="ICTR-WANGLU" ignored="0" name="Command line test" tests="5" failures="4" timestamp="11 三月 2021 09:23:29 GMT" time="0.027" errors="0">
  <testcase name="testApp" time="0.005" classname="com.test.MavenTest.AppTest"/>
  <testcase name="main" time="0.001" classname="com.test.MavenTest.demoTest">
    <failure type="java.lang.RuntimeException" message="Test not implemented">
      <![CDATA[java.lang.RuntimeException: Test not implemented
	at com.test.MavenTest.demoTest.main(demoTest.java:10)
... Removed 35 stack frames]]>
    </failure>
  </testcase> <!-- main -->
  <testcase name="setup" time="0.0" classname="com.test.MavenTest.demoTest">
    <failure type="java.lang.RuntimeException" message="Test not implemented">
      <![CDATA[java.lang.RuntimeException: Test not implemented
	at com.test.MavenTest.demoTest.setup(demoTest.java:15)
... Removed 35 stack frames]]>
    </failure>
  </testcase> <!-- setup -->
  <testcase name="teardown" time="0.0" classname="com.test.MavenTest.demoTest">
    <failure type="java.lang.RuntimeException" message="Test not implemented">
      <![CDATA[java.lang.RuntimeException: Test not implemented
	at com.test.MavenTest.demoTest.teardown(demoTest.java:22)
... Removed 35 stack frames]]>
    </failure>
  </testcase> <!-- teardown -->
  <testcase name="test" time="0.0" classname="com.test.MavenTest.demoTest">
    <failure type="java.lang.RuntimeException" message="Test not implemented">
      <![CDATA[java.lang.RuntimeException: Test not implemented
	at com.test.MavenTest.demoTest.test(demoTest.java:28)
... Removed 35 stack frames]]>
    </failure>
  </testcase> <!-- test -->
</testsuite> <!-- Command line test -->
